<?xml version="1.0" encoding="utf-8"?><testsuites name="pytest tests"><testsuite name="pytest" errors="0" failures="0" skipped="0" tests="39" time="3.813" timestamp="2026-09-14T23:35:58.746189+00:00" hostname="agent-env-d5293dd4-a439-408f-aa72-24af397c1823"><testcase classname="tests.backend_test.TestPhase3Reads" name="test_mission" time="0.331" /><testcase classname="tests.backend_test.TestPhase3Reads" name="test_autonomy" time="0.071" /><testcase classname="tests.backend_test.TestPhase3Reads" name="test_jr" time="0.074" /><testcase classname="tests.backend_test.TestRegressionReads" name="test_endpoint_200[/cell/state]" time="0.070" /><testcase classname="tests.backend_test.TestRegressionReads" name="test_endpoint_200[/cell/systems]" time="0.030" /><testcase classname="tests.backend_test.TestRegressionReads" name="test_endpoint_200[/cell/map]" time="0.031" /><testcase classname="tests.backend_test.TestRegressionReads" name="test_endpoint_200[/cell/approvals]" time="0.070" /><testcase classname="tests.backend_test.TestRegressionReads" name="test_endpoint_200[/cell/missions]" time="0.071" /><testcase classname="tests.backend_test.TestRegressionReads" name="test_endpoint_200[/cell/agents]" time="0.069" /><testcase classname="tests.backend_test.TestRegressionReads" name="test_endpoint_200[/cell/teams]" time="0.069" /><testcase classname="tests.backend_test.TestRegressionReads" name="test_endpoint_200[/cell/events]" time="0.070" /><testcase classname="tests.backend_test.TestRegressionReads" name="test_endpoint_200[/cell/risks]" time="0.070" /><testcase classname="tests.backend_test.TestRegressionReads" name="test_endpoint_200[/cell/tasks]" time="0.070" /><testcase classname="tests.backend_test.TestRegressionReads" name="test_endpoint_200[/cell/sources]" time="0.069" /><testcase classname="tests.backend_test.TestRegressionReads" name="test_endpoint_200[/cell/memory]" time="0.069" /><testcase classname="tests.backend_test.TestRegressionReads" name="test_endpoint_200[/cell/runtime]" time="0.069" /><testcase classname="tests.backend_test.TestRegressionReads" name="test_endpoint_200[/cell/policies]" time="0.071" /><testcase classname="tests.backend_test.TestRegressionReads" name="test_endpoint_200[/cell/operator]" time="0.075" /><testcase classname="tests.backend_test.TestRegressionReads" name="test_endpoint_200[/cell/history]" time="0.070" /><testcase classname="tests.backend_test.TestRegressionReads" name="test_map_shape" time="0.030" /><testcase classname="tests.backend_test.TestNewEndpoints" name="test_jobs_seeded" time="0.074" /><testcase classname="tests.backend_test.TestNewEndpoints" name="test_proposals_seeded" time="0.070" /><testcase classname="tests.backend_test.TestNewEndpoints" name="test_verifications_seeded" time="0.070" /><testcase classname="tests.backend_test.TestNewEndpoints" name="test_services_seeded_all_statuses" time="0.029" /><testcase classname="tests.backend_test.TestNewEndpoints" name="test_routes_seeded" time="0.070" /><testcase classname="tests.backend_test.TestNewEndpoints" name="test_routing" time="0.071" /><testcase classname="tests.backend_test.TestNewEndpoints" name="test_diagnostics" time="0.070" /><testcase classname="tests.backend_test.TestNewEndpoints" name="test_diff_by_id" time="0.073" /><testcase classname="tests.backend_test.TestNewEndpoints" name="test_diff_not_found" time="0.070" /><testcase classname="tests.backend_test.TestExtendedData" name="test_approvals_extended" time="0.072" /><testcase classname="tests.backend_test.TestExtendedData" name="test_systems_extended" time="0.028" /><testcase classname="tests.backend_test.TestJobLifecycle" name="test_advance_job_review_to_verified" time="0.532" /><testcase classname="tests.backend_test.TestJobLifecycle" name="test_fail_job" time="0.143" /><testcase classname="tests.backend_test.TestJobLifecycle" name="test_advance_nonexistent" time="0.068" /><testcase classname="tests.backend_test.TestApprovalSpawnsJob" name="test_approve_ap1_spawns_job" time="0.271" /><testcase classname="tests.backend_test.TestApprovalSpawnsJob" name="test_block_already_blocked_returns_409" time="0.168" /><testcase classname="tests.backend_test.TestMutationsRegression" name="test_reseed" time="0.095" /><testcase classname="tests.backend_test.TestMutationsRegression" name="test_add_node_and_set_truth" time="0.144" /><testcase classname="tests.backend_test.TestMutationsRegression" name="test_advance_mission" time="0.075" /></testsuite></testsuites>