<?xml version="1.0" encoding="utf-8"?><testsuites name="pytest tests"><testsuite name="pytest" errors="0" failures="0" skipped="0" tests="23" time="1.644" timestamp="2026-09-14T23:18:51.687005+00:00" hostname="agent-env-d5293dd4-a439-408f-aa72-24af397c1823"><testcase classname="tests.backend_test.TestMutations" name="test_advance_mission" time="0.200" /><testcase classname="tests.backend_test.TestExistingReads" name="test_endpoint_200[/cell/state]" time="0.129" /><testcase classname="tests.backend_test.TestExistingReads" name="test_endpoint_200[/cell/systems]" time="0.069" /><testcase classname="tests.backend_test.TestExistingReads" name="test_endpoint_200[/cell/map]" time="0.030" /><testcase classname="tests.backend_test.TestMutations" name="test_add_node_and_set_truth" time="0.200" /><testcase classname="tests.backend_test.TestExistingReads" name="test_endpoint_200[/cell/approvals]" time="0.068" /><testcase classname="tests.backend_test.TestExistingReads" name="test_endpoint_200[/cell/missions]" time="0.068" /><testcase classname="tests.backend_test.TestExistingReads" name="test_endpoint_200[/cell/agents]" time="0.068" /><testcase classname="tests.backend_test.TestMutations" name="test_decide_approval" time="0.190" /><testcase classname="tests.backend_test.TestExistingReads" name="test_endpoint_200[/cell/teams]" time="0.067" /><testcase classname="tests.backend_test.TestExistingReads" name="test_endpoint_200[/cell/events]" time="0.066" /><testcase classname="tests.backend_test.TestExistingReads" name="test_endpoint_200[/cell/risks]" time="0.067" /><testcase classname="tests.backend_test.TestMission" name="test_get_mission" time="0.070" /><testcase classname="tests.backend_test.TestExistingReads" name="test_endpoint_200[/cell/tasks]" time="0.067" /><testcase classname="tests.backend_test.TestAutonomy" name="test_get_autonomy" time="0.035" /><testcase classname="tests.backend_test.TestJr" name="test_get_jr" time="0.068" /><testcase classname="tests.backend_test.TestExistingReads" name="test_endpoint_200[/cell/sources]" time="0.072" /><testcase classname="tests.backend_test.TestExistingReads" name="test_endpoint_200[/cell/memory]" time="0.067" /><testcase classname="tests.backend_test.TestExistingReads" name="test_endpoint_200[/cell/runtime]" time="0.068" /><testcase classname="tests.backend_test.TestExistingReads" name="test_endpoint_200[/cell/policies]" time="0.069" /><testcase classname="tests.backend_test.TestExistingReads" name="test_endpoint_200[/cell/operator]" time="0.068" /><testcase classname="tests.backend_test.TestExistingReads" name="test_endpoint_200[/cell/history]" time="0.069" /><testcase classname="tests.backend_test.TestExistingReads" name="test_map_shape" time="0.027" /></testsuite></testsuites>